<?xml version="1.0" encoding="UTF-8"?>
<testng-results skipped="0" failed="0" ignored="0" total="1" passed="1">
  <reporter-output>
  </reporter-output>
  <suite name="Default suite" duration-ms="10334" started-at="2020-05-20T15:44:35 IST" finished-at="2020-05-20T15:44:46 IST">
    <groups>
    </groups>
    <test name="Default test" duration-ms="10334" started-at="2020-05-20T15:44:35 IST" finished-at="2020-05-20T15:44:46 IST">
      <class name="com.crm.qa.testcases.Loginpagetest">
        <test-method status="PASS" signature="setup()[pri:0, instance:com.crm.qa.testcases.Loginpagetest@1c3a4799]" name="setup" is-config="true" duration-ms="7091" started-at="2020-05-20T15:44:35 IST" finished-at="2020-05-20T15:44:42 IST">
          <reporter-output>
          </reporter-output>
        </test-method> <!-- setup -->
        <test-method status="PASS" signature="validatelogin()[pri:0, instance:com.crm.qa.testcases.Loginpagetest@1c3a4799]" name="validatelogin" duration-ms="2519" started-at="2020-05-20T15:44:42 IST" finished-at="2020-05-20T15:44:45 IST">
          <reporter-output>
          </reporter-output>
        </test-method> <!-- validatelogin -->
        <test-method status="PASS" signature="teardown()[pri:0, instance:com.crm.qa.testcases.Loginpagetest@1c3a4799]" name="teardown" is-config="true" duration-ms="652" started-at="2020-05-20T15:44:45 IST" finished-at="2020-05-20T15:44:46 IST">
          <reporter-output>
          </reporter-output>
        </test-method> <!-- teardown -->
      </class> <!-- com.crm.qa.testcases.Loginpagetest -->
    </test> <!-- Default test -->
  </suite> <!-- Default suite -->
</testng-results>
